[0m17:57:22.206464 [debug] [MainThread]: Sending event: {'category': 'dbt', 'action': 'invocation', 'label': 'start', 'context': [<snowplow_tracker.self_describing_json.SelfDescribingJson object at 0x0000012C6F391730>, <snowplow_tracker.self_describing_json.SelfDescribingJson object at 0x0000012C71E42490>, <snowplow_tracker.self_describing_json.SelfDescribingJson object at 0x0000012C71E42280>]}


============================== 17:57:22.220553 | 071b3738-72d3-4ec1-b474-640c5a4828ac ==============================
[0m17:57:22.220553 [info ] [MainThread]: Running with dbt=1.8.8
[0m17:57:22.221551 [debug] [MainThread]: running dbt with arguments {'printer_width': '80', 'indirect_selection': 'eager', 'log_cache_events': 'False', 'write_json': 'True', 'partial_parse': 'True', 'cache_selected_only': 'False', 'warn_error': 'None', 'fail_fast': 'False', 'version_check': 'True', 'log_path': 'logs', 'profiles_dir': 'C:\\Users\\nxie\\.dbt', 'debug': 'False', 'use_colors': 'True', 'use_experimental_parser': 'False', 'empty': 'None', 'quiet': 'False', 'no_print': 'None', 'log_format': 'default', 'static_parser': 'True', 'introspect': 'True', 'invocation_command': 'dbt init jaffle_shop', 'target_path': 'None', 'warn_error_options': 'WarnErrorOptions(include=[], exclude=[])', 'send_anonymous_usage_stats': 'True'}
[0m17:57:22.243025 [debug] [MainThread]: Starter project path: C:\Users\nxie\AppData\Roaming\Python\Python39\site-packages\dbt\include\starter_project
[0m17:57:22.309757 [info ] [MainThread]: 
Your new dbt project "jaffle_shop" was created!

For more information on how to configure the profiles.yml file,
please consult the dbt documentation here:

  https://docs.getdbt.com/docs/configure-your-profile

One more thing:

Need help? Don't hesitate to reach out to us via GitHub issues or on Slack:

  https://community.getdbt.com/

Happy modeling!

[0m17:57:22.311237 [info ] [MainThread]: Setting up your profile.
[0m17:58:09.105506 [error] [MainThread]: Encountered an error:

[0m17:58:09.130534 [error] [MainThread]: Traceback (most recent call last):
  File "C:\Users\nxie\AppData\Roaming\Python\Python39\site-packages\dbt\cli\requires.py", line 138, in wrapper
    result, success = func(*args, **kwargs)
  File "C:\Users\nxie\AppData\Roaming\Python\Python39\site-packages\dbt\cli\requires.py", line 101, in wrapper
    return func(*args, **kwargs)
  File "C:\Users\nxie\AppData\Roaming\Python\Python39\site-packages\dbt\cli\main.py", line 470, in init
    results = task.run()
  File "C:\Users\nxie\AppData\Roaming\Python\Python39\site-packages\dbt\task\init.py", line 347, in run
    self.setup_profile(profile_name)
  File "C:\Users\nxie\AppData\Roaming\Python\Python39\site-packages\dbt\task\init.py", line 263, in setup_profile
    self.create_profile_from_target(adapter, profile_name=profile_name)
  File "C:\Users\nxie\AppData\Roaming\Python\Python39\site-packages\dbt\task\init.py", line 180, in create_profile_from_target
    self.create_profile_from_profile_template(profile_template, profile_name)
  File "C:\Users\nxie\AppData\Roaming\Python\Python39\site-packages\dbt\task\init.py", line 164, in create_profile_from_profile_template
    target = self.generate_target_from_input(prompts, initial_target)
  File "C:\Users\nxie\AppData\Roaming\Python\Python39\site-packages\dbt\task\init.py", line 130, in generate_target_from_input
    target[key] = click.prompt(
  File "C:\Users\nxie\AppData\Roaming\Python\Python39\site-packages\click\termui.py", line 164, in prompt
    value = prompt_func(prompt)
  File "C:\Users\nxie\AppData\Roaming\Python\Python39\site-packages\click\termui.py", line 147, in prompt_func
    raise Abort() from None
click.exceptions.Abort

[0m17:58:09.134616 [debug] [MainThread]: Command `dbt init` failed at 17:58:09.134616 after 47.07 seconds
[0m17:58:09.134616 [debug] [MainThread]: Sending event: {'category': 'dbt', 'action': 'invocation', 'label': 'end', 'context': [<snowplow_tracker.self_describing_json.SelfDescribingJson object at 0x0000012C6F391730>, <snowplow_tracker.self_describing_json.SelfDescribingJson object at 0x0000012C72C7FE20>, <snowplow_tracker.self_describing_json.SelfDescribingJson object at 0x0000012C72C7F640>]}
[0m17:58:09.135625 [debug] [MainThread]: Flushing usage events
[0m18:51:20.094691 [debug] [MainThread]: Sending event: {'category': 'dbt', 'action': 'invocation', 'label': 'start', 'context': [<snowplow_tracker.self_describing_json.SelfDescribingJson object at 0x000001F29D4E1700>, <snowplow_tracker.self_describing_json.SelfDescribingJson object at 0x000001F29FF904C0>, <snowplow_tracker.self_describing_json.SelfDescribingJson object at 0x000001F29FF902B0>]}


============================== 18:51:20.098739 | fef49649-9b48-495f-ba6c-e17009533089 ==============================
[0m18:51:20.098739 [info ] [MainThread]: Running with dbt=1.8.8
[0m18:51:20.099699 [debug] [MainThread]: running dbt with arguments {'printer_width': '80', 'indirect_selection': 'eager', 'log_cache_events': 'False', 'write_json': 'True', 'partial_parse': 'True', 'cache_selected_only': 'False', 'profiles_dir': 'C:\\Users\\nxie\\.dbt', 'debug': 'False', 'warn_error': 'None', 'log_path': 'logs', 'fail_fast': 'False', 'version_check': 'True', 'use_colors': 'True', 'use_experimental_parser': 'False', 'no_print': 'None', 'quiet': 'False', 'empty': 'None', 'warn_error_options': 'WarnErrorOptions(include=[], exclude=[])', 'static_parser': 'True', 'introspect': 'True', 'log_format': 'default', 'target_path': 'None', 'invocation_command': 'dbt debug', 'send_anonymous_usage_stats': 'True'}
[0m18:51:20.117263 [info ] [MainThread]: dbt version: 1.8.8
[0m18:51:20.117263 [info ] [MainThread]: python version: 3.9.13
[0m18:51:20.118267 [info ] [MainThread]: python path: C:\Program Files\Python39\python.exe
[0m18:51:20.118267 [info ] [MainThread]: os info: Windows-10-10.0.22621-SP0
[0m18:51:20.125602 [info ] [MainThread]: Error importing adapter: No module named 'dbt.adapters.bigquery'
[0m18:51:20.126618 [info ] [MainThread]: Using profiles dir at C:\Users\nxie\.dbt
[0m18:51:20.126618 [info ] [MainThread]: Using profiles.yml file at C:\Users\nxie\.dbt\profiles.yml
[0m18:51:20.127960 [info ] [MainThread]: Using dbt_project.yml file at C:\Users\nxie\dbt\dbt_project.yml
[0m18:51:20.129451 [info ] [MainThread]: Configuration:
[0m18:51:20.130851 [info ] [MainThread]:   profiles.yml file [[31mERROR invalid[0m]
[0m18:51:20.130984 [info ] [MainThread]:   dbt_project.yml file [[31mERROR not found[0m]
[0m18:51:20.132579 [info ] [MainThread]: Required dependencies:
[0m18:51:20.134049 [debug] [MainThread]: Executing "git --help"
[0m18:51:20.223834 [debug] [MainThread]: STDOUT: "b"usage: git [-v | --version] [-h | --help] [-C <path>] [-c <name>=<value>]\n           [--exec-path[=<path>]] [--html-path] [--man-path] [--info-path]\n           [-p | --paginate | -P | --no-pager] [--no-replace-objects] [--no-lazy-fetch]\n           [--no-optional-locks] [--no-advice] [--bare] [--git-dir=<path>]\n           [--work-tree=<path>] [--namespace=<name>] [--config-env=<name>=<envvar>]\n           <command> [<args>]\n\nThese are common Git commands used in various situations:\n\nstart a working area (see also: git help tutorial)\n   clone      Clone a repository into a new directory\n   init       Create an empty Git repository or reinitialize an existing one\n\nwork on the current change (see also: git help everyday)\n   add        Add file contents to the index\n   mv         Move or rename a file, a directory, or a symlink\n   restore    Restore working tree files\n   rm         Remove files from the working tree and from the index\n\nexamine the history and state (see also: git help revisions)\n   bisect     Use binary search to find the commit that introduced a bug\n   diff       Show changes between commits, commit and working tree, etc\n   grep       Print lines matching a pattern\n   log        Show commit logs\n   show       Show various types of objects\n   status     Show the working tree status\n\ngrow, mark and tweak your common history\n   backfill   Download missing objects in a partial clone\n   branch     List, create, or delete branches\n   commit     Record changes to the repository\n   merge      Join two or more development histories together\n   rebase     Reapply commits on top of another base tip\n   reset      Reset current HEAD to the specified state\n   switch     Switch branches\n   tag        Create, list, delete or verify a tag object signed with GPG\n\ncollaborate (see also: git help workflows)\n   fetch      Download objects and refs from another repository\n   pull       Fetch from and integrate with another repository or a local branch\n   push       Update remote refs along with associated objects\n\n'git help -a' and 'git help -g' list available subcommands and some\nconcept guides. See 'git help <command>' or 'git help <concept>'\nto read about a specific subcommand or concept.\nSee 'git help git' for an overview of the system.\n""
[0m18:51:20.224379 [debug] [MainThread]: STDERR: "b''"
[0m18:51:20.225386 [info ] [MainThread]:  - git [[32mOK found[0m]

[0m18:51:20.225537 [info ] [MainThread]: Connection test skipped since no profile was found
[0m18:51:20.226648 [info ] [MainThread]: [31m2 checks failed:[0m
[0m18:51:20.227862 [info ] [MainThread]: Could not load dbt_project.yml
Profile loading failed for the following reason:
Runtime Error
  Credentials in profile "jaffle_shop", target "dev" invalid: Runtime Error
    Could not find adapter type bigquery!


[0m18:51:20.229087 [info ] [MainThread]: Project loading failed for the following reason:
 project path <C:\Users\nxie\dbt\dbt_project.yml> not found

[0m18:51:20.231866 [debug] [MainThread]: Command `dbt debug` failed at 18:51:20.231006 after 0.26 seconds
[0m18:51:20.232476 [debug] [MainThread]: Sending event: {'category': 'dbt', 'action': 'invocation', 'label': 'end', 'context': [<snowplow_tracker.self_describing_json.SelfDescribingJson object at 0x000001F29D4E1700>, <snowplow_tracker.self_describing_json.SelfDescribingJson object at 0x000001F29FF902E0>, <snowplow_tracker.self_describing_json.SelfDescribingJson object at 0x000001F29D31FF70>]}
[0m18:51:20.233493 [debug] [MainThread]: Flushing usage events
[0m18:55:26.435282 [debug] [MainThread]: Sending event: {'category': 'dbt', 'action': 'invocation', 'label': 'start', 'context': [<snowplow_tracker.self_describing_json.SelfDescribingJson object at 0x0000020EA9304700>, <snowplow_tracker.self_describing_json.SelfDescribingJson object at 0x0000020EABDB0B50>, <snowplow_tracker.self_describing_json.SelfDescribingJson object at 0x0000020EABDB0D60>]}


============================== 18:55:26.441961 | c4968c36-ff0c-4776-b0ee-7b4241bc79b0 ==============================
[0m18:55:26.441961 [info ] [MainThread]: Running with dbt=1.8.8
[0m18:55:26.441961 [debug] [MainThread]: running dbt with arguments {'printer_width': '80', 'indirect_selection': 'eager', 'log_cache_events': 'False', 'write_json': 'True', 'partial_parse': 'True', 'cache_selected_only': 'False', 'warn_error': 'None', 'fail_fast': 'False', 'profiles_dir': 'C:\\Users\\nxie\\.dbt', 'log_path': 'logs', 'version_check': 'True', 'debug': 'False', 'use_colors': 'True', 'use_experimental_parser': 'False', 'no_print': 'None', 'quiet': 'False', 'empty': 'None', 'warn_error_options': 'WarnErrorOptions(include=[], exclude=[])', 'invocation_command': 'dbt debug', 'log_format': 'default', 'introspect': 'True', 'target_path': 'None', 'static_parser': 'True', 'send_anonymous_usage_stats': 'True'}
[0m18:55:26.461316 [info ] [MainThread]: dbt version: 1.8.8
[0m18:55:26.463696 [info ] [MainThread]: python version: 3.9.13
[0m18:55:26.464702 [info ] [MainThread]: python path: C:\Program Files\Python39\python.exe
[0m18:55:26.465720 [info ] [MainThread]: os info: Windows-10-10.0.22621-SP0
[0m18:55:27.681670 [info ] [MainThread]: Using profiles dir at C:\Users\nxie\.dbt
[0m18:55:27.681670 [info ] [MainThread]: Using profiles.yml file at C:\Users\nxie\.dbt\profiles.yml
[0m18:55:27.681670 [info ] [MainThread]: Using dbt_project.yml file at C:\Users\nxie\dbt\dbt_project.yml
[0m18:55:27.694815 [info ] [MainThread]: adapter type: bigquery
[0m18:55:27.695821 [info ] [MainThread]: adapter version: 1.8.3
[0m18:55:27.695821 [info ] [MainThread]: Configuration:
[0m18:55:27.697549 [info ] [MainThread]:   profiles.yml file [[32mOK found and valid[0m]
[0m18:55:27.698770 [info ] [MainThread]:   dbt_project.yml file [[31mERROR not found[0m]
[0m18:55:27.700459 [info ] [MainThread]: Required dependencies:
[0m18:55:27.702035 [debug] [MainThread]: Executing "git --help"
[0m18:55:27.810392 [debug] [MainThread]: STDOUT: "b"usage: git [-v | --version] [-h | --help] [-C <path>] [-c <name>=<value>]\n           [--exec-path[=<path>]] [--html-path] [--man-path] [--info-path]\n           [-p | --paginate | -P | --no-pager] [--no-replace-objects] [--no-lazy-fetch]\n           [--no-optional-locks] [--no-advice] [--bare] [--git-dir=<path>]\n           [--work-tree=<path>] [--namespace=<name>] [--config-env=<name>=<envvar>]\n           <command> [<args>]\n\nThese are common Git commands used in various situations:\n\nstart a working area (see also: git help tutorial)\n   clone      Clone a repository into a new directory\n   init       Create an empty Git repository or reinitialize an existing one\n\nwork on the current change (see also: git help everyday)\n   add        Add file contents to the index\n   mv         Move or rename a file, a directory, or a symlink\n   restore    Restore working tree files\n   rm         Remove files from the working tree and from the index\n\nexamine the history and state (see also: git help revisions)\n   bisect     Use binary search to find the commit that introduced a bug\n   diff       Show changes between commits, commit and working tree, etc\n   grep       Print lines matching a pattern\n   log        Show commit logs\n   show       Show various types of objects\n   status     Show the working tree status\n\ngrow, mark and tweak your common history\n   backfill   Download missing objects in a partial clone\n   branch     List, create, or delete branches\n   commit     Record changes to the repository\n   merge      Join two or more development histories together\n   rebase     Reapply commits on top of another base tip\n   reset      Reset current HEAD to the specified state\n   switch     Switch branches\n   tag        Create, list, delete or verify a tag object signed with GPG\n\ncollaborate (see also: git help workflows)\n   fetch      Download objects and refs from another repository\n   pull       Fetch from and integrate with another repository or a local branch\n   push       Update remote refs along with associated objects\n\n'git help -a' and 'git help -g' list available subcommands and some\nconcept guides. See 'git help <command>' or 'git help <concept>'\nto read about a specific subcommand or concept.\nSee 'git help git' for an overview of the system.\n""
[0m18:55:27.811404 [debug] [MainThread]: STDERR: "b''"
[0m18:55:27.812400 [info ] [MainThread]:  - git [[32mOK found[0m]

[0m18:55:27.813400 [info ] [MainThread]: Connection:
[0m18:55:27.814467 [info ] [MainThread]:   method: service-account
[0m18:55:27.815839 [info ] [MainThread]:   database: dbt-core-439708
[0m18:55:27.816919 [info ] [MainThread]:   execution_project: dbt-core-439708
[0m18:55:27.817427 [info ] [MainThread]:   schema: dbt_xie
[0m18:55:27.818611 [info ] [MainThread]:   location: US
[0m18:55:27.819335 [info ] [MainThread]:   priority: interactive
[0m18:55:27.820650 [info ] [MainThread]:   maximum_bytes_billed: None
[0m18:55:27.821477 [info ] [MainThread]:   impersonate_service_account: None
[0m18:55:27.822528 [info ] [MainThread]:   job_retry_deadline_seconds: None
[0m18:55:27.824087 [info ] [MainThread]:   job_retries: 1
[0m18:55:27.825440 [info ] [MainThread]:   job_creation_timeout_seconds: None
[0m18:55:27.826230 [info ] [MainThread]:   job_execution_timeout_seconds: 300
[0m18:55:27.828407 [info ] [MainThread]:   timeout_seconds: 300
[0m18:55:27.829419 [info ] [MainThread]:   client_id: None
[0m18:55:27.831420 [info ] [MainThread]:   token_uri: None
[0m18:55:27.832536 [info ] [MainThread]:   dataproc_region: None
[0m18:55:27.835130 [info ] [MainThread]:   dataproc_cluster_name: None
[0m18:55:27.836159 [info ] [MainThread]:   gcs_bucket: None
[0m18:55:27.837758 [info ] [MainThread]:   dataproc_batch: None
[0m18:55:27.839629 [info ] [MainThread]: Registered adapter: bigquery=1.8.3
[0m18:55:27.840623 [debug] [MainThread]: Acquiring new bigquery connection 'debug'
[0m18:55:27.840623 [debug] [MainThread]: Opening a new connection, currently in state init
[0m18:55:27.898492 [debug] [MainThread]: On debug: select 1 as id
[0m18:55:29.411616 [debug] [MainThread]: BigQuery adapter: https://console.cloud.google.com/bigquery?project=dbt-core-439708&j=bq:US:576aff0b-39be-4ef9-9926-eceb036d9e30&page=queryresults
[0m18:55:30.089958 [info ] [MainThread]:   Connection test: [[32mOK connection ok[0m]

[0m18:55:30.093039 [info ] [MainThread]: [31m1 check failed:[0m
[0m18:55:30.096496 [info ] [MainThread]: Project loading failed for the following reason:
 project path <C:\Users\nxie\dbt\dbt_project.yml> not found

[0m18:55:30.105841 [debug] [MainThread]: Command `dbt debug` failed at 18:55:30.105305 after 3.80 seconds
[0m18:55:30.107881 [debug] [MainThread]: Connection 'debug' was properly closed.
[0m18:55:30.110559 [debug] [MainThread]: Sending event: {'category': 'dbt', 'action': 'invocation', 'label': 'end', 'context': [<snowplow_tracker.self_describing_json.SelfDescribingJson object at 0x0000020EA9304700>, <snowplow_tracker.self_describing_json.SelfDescribingJson object at 0x0000020EA9117DC0>, <snowplow_tracker.self_describing_json.SelfDescribingJson object at 0x0000020EBCC05280>]}
[0m18:55:30.113319 [debug] [MainThread]: Flushing usage events
[0m18:56:55.929512 [debug] [MainThread]: Sending event: {'category': 'dbt', 'action': 'invocation', 'label': 'start', 'context': [<snowplow_tracker.self_describing_json.SelfDescribingJson object at 0x00000268808A46D0>, <snowplow_tracker.self_describing_json.SelfDescribingJson object at 0x00000268833394F0>, <snowplow_tracker.self_describing_json.SelfDescribingJson object at 0x0000026883339340>]}


============================== 18:56:55.933550 | 586fb1d3-727f-4108-840b-e4c74723feb8 ==============================
[0m18:56:55.933550 [info ] [MainThread]: Running with dbt=1.8.8
[0m18:56:55.935630 [debug] [MainThread]: running dbt with arguments {'printer_width': '80', 'indirect_selection': 'eager', 'write_json': 'True', 'log_cache_events': 'False', 'partial_parse': 'True', 'cache_selected_only': 'False', 'profiles_dir': 'C:\\Users\\nxie\\.dbt', 'debug': 'False', 'version_check': 'True', 'log_path': 'C:\\Users\\nxie\\dbt\\logs', 'fail_fast': 'False', 'warn_error': 'None', 'use_colors': 'True', 'use_experimental_parser': 'False', 'no_print': 'None', 'quiet': 'False', 'empty': 'None', 'warn_error_options': 'WarnErrorOptions(include=[], exclude=[])', 'static_parser': 'True', 'invocation_command': 'dbt debug', 'log_format': 'default', 'target_path': 'None', 'introspect': 'True', 'send_anonymous_usage_stats': 'True'}
[0m18:56:55.950206 [info ] [MainThread]: dbt version: 1.8.8
[0m18:56:55.950206 [info ] [MainThread]: python version: 3.9.13
[0m18:56:55.950206 [info ] [MainThread]: python path: C:\Program Files\Python39\python.exe
[0m18:56:55.950206 [info ] [MainThread]: os info: Windows-10-10.0.22621-SP0
[0m18:56:56.812840 [info ] [MainThread]: Using profiles dir at C:\Users\nxie\.dbt
[0m18:56:56.812840 [info ] [MainThread]: Using profiles.yml file at C:\Users\nxie\.dbt\profiles.yml
[0m18:56:56.815722 [info ] [MainThread]: Using dbt_project.yml file at C:\Users\nxie\dbt\dbt_project.yml
[0m18:56:56.816731 [info ] [MainThread]: adapter type: bigquery
[0m18:56:56.816731 [info ] [MainThread]: adapter version: 1.8.3
[0m18:56:56.924141 [info ] [MainThread]: Configuration:
[0m18:56:56.925154 [info ] [MainThread]:   profiles.yml file [[32mOK found and valid[0m]
[0m18:56:56.925154 [info ] [MainThread]:   dbt_project.yml file [[32mOK found and valid[0m]
[0m18:56:56.926669 [info ] [MainThread]: Required dependencies:
[0m18:56:56.927797 [debug] [MainThread]: Executing "git --help"
[0m18:56:57.010443 [debug] [MainThread]: STDOUT: "b"usage: git [-v | --version] [-h | --help] [-C <path>] [-c <name>=<value>]\n           [--exec-path[=<path>]] [--html-path] [--man-path] [--info-path]\n           [-p | --paginate | -P | --no-pager] [--no-replace-objects] [--no-lazy-fetch]\n           [--no-optional-locks] [--no-advice] [--bare] [--git-dir=<path>]\n           [--work-tree=<path>] [--namespace=<name>] [--config-env=<name>=<envvar>]\n           <command> [<args>]\n\nThese are common Git commands used in various situations:\n\nstart a working area (see also: git help tutorial)\n   clone      Clone a repository into a new directory\n   init       Create an empty Git repository or reinitialize an existing one\n\nwork on the current change (see also: git help everyday)\n   add        Add file contents to the index\n   mv         Move or rename a file, a directory, or a symlink\n   restore    Restore working tree files\n   rm         Remove files from the working tree and from the index\n\nexamine the history and state (see also: git help revisions)\n   bisect     Use binary search to find the commit that introduced a bug\n   diff       Show changes between commits, commit and working tree, etc\n   grep       Print lines matching a pattern\n   log        Show commit logs\n   show       Show various types of objects\n   status     Show the working tree status\n\ngrow, mark and tweak your common history\n   backfill   Download missing objects in a partial clone\n   branch     List, create, or delete branches\n   commit     Record changes to the repository\n   merge      Join two or more development histories together\n   rebase     Reapply commits on top of another base tip\n   reset      Reset current HEAD to the specified state\n   switch     Switch branches\n   tag        Create, list, delete or verify a tag object signed with GPG\n\ncollaborate (see also: git help workflows)\n   fetch      Download objects and refs from another repository\n   pull       Fetch from and integrate with another repository or a local branch\n   push       Update remote refs along with associated objects\n\n'git help -a' and 'git help -g' list available subcommands and some\nconcept guides. See 'git help <command>' or 'git help <concept>'\nto read about a specific subcommand or concept.\nSee 'git help git' for an overview of the system.\n""
[0m18:56:57.011461 [debug] [MainThread]: STDERR: "b''"
[0m18:56:57.012003 [info ] [MainThread]:  - git [[32mOK found[0m]

[0m18:56:57.013008 [info ] [MainThread]: Connection:
[0m18:56:57.014088 [info ] [MainThread]:   method: service-account
[0m18:56:57.014088 [info ] [MainThread]:   database: dbt-core-439708
[0m18:56:57.015135 [info ] [MainThread]:   execution_project: dbt-core-439708
[0m18:56:57.016389 [info ] [MainThread]:   schema: dbt_xie
[0m18:56:57.016389 [info ] [MainThread]:   location: US
[0m18:56:57.017787 [info ] [MainThread]:   priority: interactive
[0m18:56:57.018292 [info ] [MainThread]:   maximum_bytes_billed: None
[0m18:56:57.019299 [info ] [MainThread]:   impersonate_service_account: None
[0m18:56:57.020299 [info ] [MainThread]:   job_retry_deadline_seconds: None
[0m18:56:57.020299 [info ] [MainThread]:   job_retries: 1
[0m18:56:57.021574 [info ] [MainThread]:   job_creation_timeout_seconds: None
[0m18:56:57.022582 [info ] [MainThread]:   job_execution_timeout_seconds: 300
[0m18:56:57.023901 [info ] [MainThread]:   timeout_seconds: 300
[0m18:56:57.025514 [info ] [MainThread]:   client_id: None
[0m18:56:57.026563 [info ] [MainThread]:   token_uri: None
[0m18:56:57.027571 [info ] [MainThread]:   dataproc_region: None
[0m18:56:57.028578 [info ] [MainThread]:   dataproc_cluster_name: None
[0m18:56:57.030239 [info ] [MainThread]:   gcs_bucket: None
[0m18:56:57.031146 [info ] [MainThread]:   dataproc_batch: None
[0m18:56:57.032160 [info ] [MainThread]: Registered adapter: bigquery=1.8.3
[0m18:56:57.033157 [debug] [MainThread]: Acquiring new bigquery connection 'debug'
[0m18:56:57.034157 [debug] [MainThread]: Opening a new connection, currently in state init
[0m18:56:57.066550 [debug] [MainThread]: On debug: select 1 as id
[0m18:56:57.927576 [debug] [MainThread]: BigQuery adapter: https://console.cloud.google.com/bigquery?project=dbt-core-439708&j=bq:US:2534f9e6-25fd-419b-ad69-9997b34b7c9a&page=queryresults
[0m18:56:58.548624 [info ] [MainThread]:   Connection test: [[32mOK connection ok[0m]

[0m18:56:58.566685 [info ] [MainThread]: [32mAll checks passed![0m
[0m18:56:58.572784 [debug] [MainThread]: Command `dbt debug` succeeded at 18:56:58.572784 after 2.76 seconds
[0m18:56:58.574604 [debug] [MainThread]: Connection 'debug' was properly closed.
[0m18:56:58.574604 [debug] [MainThread]: Sending event: {'category': 'dbt', 'action': 'invocation', 'label': 'end', 'context': [<snowplow_tracker.self_describing_json.SelfDescribingJson object at 0x00000268808A46D0>, <snowplow_tracker.self_describing_json.SelfDescribingJson object at 0x0000026883677070>, <snowplow_tracker.self_describing_json.SelfDescribingJson object at 0x0000026883667DF0>]}
[0m18:56:58.574604 [debug] [MainThread]: Flushing usage events
[0m18:57:45.368196 [debug] [MainThread]: Sending event: {'category': 'dbt', 'action': 'invocation', 'label': 'start', 'context': [<snowplow_tracker.self_describing_json.SelfDescribingJson object at 0x0000027D3398F9A0>, <snowplow_tracker.self_describing_json.SelfDescribingJson object at 0x0000027D36431B50>, <snowplow_tracker.self_describing_json.SelfDescribingJson object at 0x0000027D36431D00>]}


============================== 18:57:45.374709 | 1b031449-65b2-4f12-a253-dc69a89577f9 ==============================
[0m18:57:45.374709 [info ] [MainThread]: Running with dbt=1.8.8
[0m18:57:45.375810 [debug] [MainThread]: running dbt with arguments {'printer_width': '80', 'indirect_selection': 'eager', 'write_json': 'True', 'log_cache_events': 'False', 'partial_parse': 'True', 'cache_selected_only': 'False', 'warn_error': 'None', 'version_check': 'True', 'fail_fast': 'False', 'log_path': 'c:\\Users\\nxie\\dbt\\logs', 'profiles_dir': 'C:\\Users\\nxie\\.dbt', 'debug': 'False', 'use_colors': 'True', 'use_experimental_parser': 'False', 'no_print': 'None', 'quiet': 'False', 'empty': 'None', 'log_format': 'default', 'invocation_command': 'dbt ', 'static_parser': 'True', 'introspect': 'True', 'target_path': 'None', 'warn_error_options': 'WarnErrorOptions(include=[], exclude=[])', 'send_anonymous_usage_stats': 'True'}
[0m18:57:45.526834 [debug] [MainThread]: Sending event: {'category': 'dbt', 'action': 'project_id', 'label': '1b031449-65b2-4f12-a253-dc69a89577f9', 'context': [<snowplow_tracker.self_describing_json.SelfDescribingJson object at 0x0000027D36431BB0>]}
[0m18:57:45.543905 [info ] [MainThread]: Warning: No packages were found in packages.yml
[0m18:57:45.543905 [info ] [MainThread]: Warning: No packages were found in packages.yml
[0m18:57:45.543905 [debug] [MainThread]: Command `cli deps` succeeded at 18:57:45.543905 after 0.29 seconds
[0m18:57:45.543905 [debug] [MainThread]: Sending event: {'category': 'dbt', 'action': 'invocation', 'label': 'end', 'context': [<snowplow_tracker.self_describing_json.SelfDescribingJson object at 0x0000027D3398F9A0>, <snowplow_tracker.self_describing_json.SelfDescribingJson object at 0x0000027D36431BB0>, <snowplow_tracker.self_describing_json.SelfDescribingJson object at 0x0000027D36431940>]}
[0m18:57:45.543905 [debug] [MainThread]: Flushing usage events
[0m18:58:58.252648 [debug] [MainThread]: Sending event: {'category': 'dbt', 'action': 'invocation', 'label': 'start', 'context': [<snowplow_tracker.self_describing_json.SelfDescribingJson object at 0x000002551C0C46A0>, <snowplow_tracker.self_describing_json.SelfDescribingJson object at 0x000002551EB73430>, <snowplow_tracker.self_describing_json.SelfDescribingJson object at 0x000002551EB73280>]}


============================== 18:58:58.256345 | 807811ac-178d-42e4-ad32-3d533144a1c6 ==============================
[0m18:58:58.256345 [info ] [MainThread]: Running with dbt=1.8.8
[0m18:58:58.256345 [debug] [MainThread]: running dbt with arguments {'printer_width': '80', 'indirect_selection': 'eager', 'write_json': 'True', 'log_cache_events': 'False', 'partial_parse': 'True', 'cache_selected_only': 'False', 'warn_error': 'None', 'version_check': 'True', 'profiles_dir': 'C:\\Users\\nxie\\.dbt', 'log_path': 'C:\\Users\\nxie\\dbt\\logs', 'fail_fast': 'False', 'debug': 'False', 'use_colors': 'True', 'use_experimental_parser': 'False', 'empty': 'False', 'quiet': 'False', 'no_print': 'None', 'warn_error_options': 'WarnErrorOptions(include=[], exclude=[])', 'introspect': 'True', 'static_parser': 'True', 'log_format': 'default', 'target_path': 'None', 'invocation_command': 'dbt run', 'send_anonymous_usage_stats': 'True'}
[0m18:58:59.274718 [debug] [MainThread]: Sending event: {'category': 'dbt', 'action': 'project_id', 'label': '807811ac-178d-42e4-ad32-3d533144a1c6', 'context': [<snowplow_tracker.self_describing_json.SelfDescribingJson object at 0x000002551C9FF5B0>]}
[0m18:58:59.325243 [debug] [MainThread]: Sending event: {'category': 'dbt', 'action': 'adapter_info', 'label': '807811ac-178d-42e4-ad32-3d533144a1c6', 'context': [<snowplow_tracker.self_describing_json.SelfDescribingJson object at 0x000002551EA061F0>]}
[0m18:58:59.325243 [info ] [MainThread]: Registered adapter: bigquery=1.8.3
[0m18:58:59.325243 [debug] [MainThread]: checksum: ec53e341a936509427e16df1c646386a84befec52c1957e3f4359fbc36fc93f5, vars: {}, profile: , target: , version: 1.8.8
[0m18:58:59.527184 [debug] [MainThread]: Partial parsing enabled: 0 files deleted, 0 files added, 0 files changed.
[0m18:58:59.527184 [debug] [MainThread]: Partial parsing enabled, no changes found, skipping parsing
[0m18:58:59.527184 [warn ] [MainThread]: [[33mWARNING[0m]: Configuration paths exist in your dbt_project.yml file which do not apply to any resources.
There are 1 unused configuration paths:
- models.jaffle_shop.example
[0m18:58:59.542889 [debug] [MainThread]: Sending event: {'category': 'dbt', 'action': 'load_project', 'label': '807811ac-178d-42e4-ad32-3d533144a1c6', 'context': [<snowplow_tracker.self_describing_json.SelfDescribingJson object at 0x0000025530347130>]}
[0m18:58:59.625520 [debug] [MainThread]: Sending event: {'category': 'dbt', 'action': 'resource_counts', 'label': '807811ac-178d-42e4-ad32-3d533144a1c6', 'context': [<snowplow_tracker.self_describing_json.SelfDescribingJson object at 0x000002553033E8E0>]}
[0m18:58:59.625520 [info ] [MainThread]: Found 479 macros
[0m18:58:59.626897 [debug] [MainThread]: Sending event: {'category': 'dbt', 'action': 'runnable_timing', 'label': '807811ac-178d-42e4-ad32-3d533144a1c6', 'context': [<snowplow_tracker.self_describing_json.SelfDescribingJson object at 0x0000025530334FA0>]}
[0m18:58:59.628906 [info ] [MainThread]: 
[0m18:58:59.629876 [warn ] [MainThread]: Nothing to do. Try checking your model configs and model specification args
[0m18:58:59.631894 [debug] [MainThread]: Command end result
[0m18:58:59.663601 [debug] [MainThread]: Command `dbt run` succeeded at 18:58:59.663601 after 1.52 seconds
[0m18:58:59.665804 [debug] [MainThread]: Sending event: {'category': 'dbt', 'action': 'invocation', 'label': 'end', 'context': [<snowplow_tracker.self_describing_json.SelfDescribingJson object at 0x000002551C0C46A0>, <snowplow_tracker.self_describing_json.SelfDescribingJson object at 0x000002553003C430>, <snowplow_tracker.self_describing_json.SelfDescribingJson object at 0x000002552F5B61C0>]}
[0m18:58:59.665804 [debug] [MainThread]: Flushing usage events
[0m18:59:38.408091 [debug] [MainThread]: Sending event: {'category': 'dbt', 'action': 'invocation', 'label': 'start', 'context': [<snowplow_tracker.self_describing_json.SelfDescribingJson object at 0x000001FDB23146A0>, <snowplow_tracker.self_describing_json.SelfDescribingJson object at 0x000001FDB4DC5430>, <snowplow_tracker.self_describing_json.SelfDescribingJson object at 0x000001FDB4DC5280>]}


============================== 18:59:38.408091 | 0c8232a2-3215-457a-a180-4c536bf50bc1 ==============================
[0m18:59:38.408091 [info ] [MainThread]: Running with dbt=1.8.8
[0m18:59:38.408091 [debug] [MainThread]: running dbt with arguments {'printer_width': '80', 'indirect_selection': 'eager', 'write_json': 'True', 'log_cache_events': 'False', 'partial_parse': 'True', 'cache_selected_only': 'False', 'profiles_dir': 'C:\\Users\\nxie\\.dbt', 'version_check': 'True', 'debug': 'False', 'log_path': 'C:\\Users\\nxie\\dbt\\logs', 'fail_fast': 'False', 'warn_error': 'None', 'use_colors': 'True', 'use_experimental_parser': 'False', 'empty': 'False', 'quiet': 'False', 'no_print': 'None', 'warn_error_options': 'WarnErrorOptions(include=[], exclude=[])', 'static_parser': 'True', 'log_format': 'default', 'introspect': 'True', 'target_path': 'None', 'invocation_command': 'dbt run', 'send_anonymous_usage_stats': 'True'}
[0m18:59:39.410645 [debug] [MainThread]: Sending event: {'category': 'dbt', 'action': 'project_id', 'label': '0c8232a2-3215-457a-a180-4c536bf50bc1', 'context': [<snowplow_tracker.self_describing_json.SelfDescribingJson object at 0x000001FDB2C4F5B0>]}
[0m18:59:39.473537 [debug] [MainThread]: Sending event: {'category': 'dbt', 'action': 'adapter_info', 'label': '0c8232a2-3215-457a-a180-4c536bf50bc1', 'context': [<snowplow_tracker.self_describing_json.SelfDescribingJson object at 0x000001FDB4C561F0>]}
[0m18:59:39.473537 [info ] [MainThread]: Registered adapter: bigquery=1.8.3
[0m18:59:39.473537 [debug] [MainThread]: checksum: ec53e341a936509427e16df1c646386a84befec52c1957e3f4359fbc36fc93f5, vars: {}, profile: , target: , version: 1.8.8
[0m18:59:39.666978 [debug] [MainThread]: Partial parsing enabled: 0 files deleted, 0 files added, 0 files changed.
[0m18:59:39.682489 [debug] [MainThread]: Partial parsing enabled, no changes found, skipping parsing
[0m18:59:39.682489 [warn ] [MainThread]: [[33mWARNING[0m]: Configuration paths exist in your dbt_project.yml file which do not apply to any resources.
There are 1 unused configuration paths:
- models.jaffle_shop.example
[0m18:59:39.682489 [debug] [MainThread]: Sending event: {'category': 'dbt', 'action': 'load_project', 'label': '0c8232a2-3215-457a-a180-4c536bf50bc1', 'context': [<snowplow_tracker.self_describing_json.SelfDescribingJson object at 0x000001FDC6597130>]}
[0m18:59:39.776022 [debug] [MainThread]: Sending event: {'category': 'dbt', 'action': 'resource_counts', 'label': '0c8232a2-3215-457a-a180-4c536bf50bc1', 'context': [<snowplow_tracker.self_describing_json.SelfDescribingJson object at 0x000001FDC65A1700>]}
[0m18:59:39.777034 [info ] [MainThread]: Found 479 macros
[0m18:59:39.778074 [debug] [MainThread]: Sending event: {'category': 'dbt', 'action': 'runnable_timing', 'label': '0c8232a2-3215-457a-a180-4c536bf50bc1', 'context': [<snowplow_tracker.self_describing_json.SelfDescribingJson object at 0x000001FDC6584FA0>]}
[0m18:59:39.779077 [info ] [MainThread]: 
[0m18:59:39.779622 [warn ] [MainThread]: Nothing to do. Try checking your model configs and model specification args
[0m18:59:39.781334 [debug] [MainThread]: Command end result
[0m18:59:39.812691 [debug] [MainThread]: Command `dbt run` succeeded at 18:59:39.812691 after 1.52 seconds
[0m18:59:39.812691 [debug] [MainThread]: Sending event: {'category': 'dbt', 'action': 'invocation', 'label': 'end', 'context': [<snowplow_tracker.self_describing_json.SelfDescribingJson object at 0x000001FDB23146A0>, <snowplow_tracker.self_describing_json.SelfDescribingJson object at 0x000001FDC628C430>, <snowplow_tracker.self_describing_json.SelfDescribingJson object at 0x000001FDC58061C0>]}
[0m18:59:39.812691 [debug] [MainThread]: Flushing usage events
[0m19:38:21.514749 [debug] [MainThread]: Sending event: {'category': 'dbt', 'action': 'invocation', 'label': 'start', 'context': [<snowplow_tracker.self_describing_json.SelfDescribingJson object at 0x000001D05E4F4670>, <snowplow_tracker.self_describing_json.SelfDescribingJson object at 0x000001D060FA5580>, <snowplow_tracker.self_describing_json.SelfDescribingJson object at 0x000001D060FA53D0>]}


============================== 19:38:21.514870 | 02f66f40-afb1-4dba-a0db-273e47884f90 ==============================
[0m19:38:21.514870 [info ] [MainThread]: Running with dbt=1.8.8
[0m19:38:21.514870 [debug] [MainThread]: running dbt with arguments {'printer_width': '80', 'indirect_selection': 'eager', 'write_json': 'True', 'log_cache_events': 'False', 'partial_parse': 'True', 'cache_selected_only': 'False', 'warn_error': 'None', 'version_check': 'True', 'fail_fast': 'False', 'log_path': 'C:\\Users\\nxie\\dbt\\logs', 'profiles_dir': 'C:\\Users\\nxie\\.dbt', 'debug': 'False', 'use_colors': 'True', 'use_experimental_parser': 'False', 'no_print': 'None', 'quiet': 'False', 'empty': 'False', 'log_format': 'default', 'static_parser': 'True', 'introspect': 'True', 'warn_error_options': 'WarnErrorOptions(include=[], exclude=[])', 'target_path': 'None', 'invocation_command': 'dbt run', 'send_anonymous_usage_stats': 'True'}
[0m19:38:22.903321 [debug] [MainThread]: Sending event: {'category': 'dbt', 'action': 'project_id', 'label': '02f66f40-afb1-4dba-a0db-273e47884f90', 'context': [<snowplow_tracker.self_describing_json.SelfDescribingJson object at 0x000001D071D62670>]}
[0m19:38:22.977849 [debug] [MainThread]: Sending event: {'category': 'dbt', 'action': 'adapter_info', 'label': '02f66f40-afb1-4dba-a0db-273e47884f90', 'context': [<snowplow_tracker.self_describing_json.SelfDescribingJson object at 0x000001D071D2ADF0>]}
[0m19:38:22.978850 [info ] [MainThread]: Registered adapter: bigquery=1.8.3
[0m19:38:22.990852 [debug] [MainThread]: checksum: ec53e341a936509427e16df1c646386a84befec52c1957e3f4359fbc36fc93f5, vars: {}, profile: , target: , version: 1.8.8
[0m19:38:23.296885 [debug] [MainThread]: Partial parsing enabled: 0 files deleted, 0 files added, 0 files changed.
[0m19:38:23.297886 [debug] [MainThread]: Partial parsing enabled, no changes found, skipping parsing
[0m19:38:23.368792 [debug] [MainThread]: Sending event: {'category': 'dbt', 'action': 'load_project', 'label': '02f66f40-afb1-4dba-a0db-273e47884f90', 'context': [<snowplow_tracker.self_describing_json.SelfDescribingJson object at 0x000001D0727B8130>]}
[0m19:38:23.509162 [debug] [MainThread]: Sending event: {'category': 'dbt', 'action': 'resource_counts', 'label': '02f66f40-afb1-4dba-a0db-273e47884f90', 'context': [<snowplow_tracker.self_describing_json.SelfDescribingJson object at 0x000001D0727DD310>]}
[0m19:38:23.510172 [info ] [MainThread]: Found 2 models, 4 data tests, 479 macros
[0m19:38:23.511169 [debug] [MainThread]: Sending event: {'category': 'dbt', 'action': 'runnable_timing', 'label': '02f66f40-afb1-4dba-a0db-273e47884f90', 'context': [<snowplow_tracker.self_describing_json.SelfDescribingJson object at 0x000001D0727A91C0>]}
[0m19:38:23.513713 [info ] [MainThread]: 
[0m19:38:23.513713 [debug] [MainThread]: Acquiring new bigquery connection 'master'
[0m19:38:23.520524 [debug] [ThreadPool]: Acquiring new bigquery connection 'list_dbt-core-439708'
[0m19:38:23.520524 [debug] [ThreadPool]: Opening a new connection, currently in state init
[0m19:38:24.500443 [debug] [ThreadPool]: Re-using an available connection from the pool (formerly list_dbt-core-439708, now create_dbt-core-439708_dbt_xie)
[0m19:38:24.501437 [debug] [ThreadPool]: Creating schema "database: "dbt-core-439708"
schema: "dbt_xie"
"
[0m19:38:24.519279 [debug] [ThreadPool]: Opening a new connection, currently in state closed
[0m19:38:24.551151 [debug] [ThreadPool]: On create_dbt-core-439708_dbt_xie: /* {"app": "dbt", "dbt_version": "1.8.8", "profile_name": "jaffle_shop", "target_name": "dev", "connection_name": "create_dbt-core-439708_dbt_xie"} */
create schema if not exists `dbt-core-439708`.`dbt_xie`
  
[0m19:38:25.399373 [debug] [ThreadPool]: BigQuery adapter: https://console.cloud.google.com/bigquery?project=dbt-core-439708&j=bq:US:2db865f0-c66b-41d8-9485-dcc431ff7f30&page=queryresults
[0m19:38:26.296853 [debug] [ThreadPool]: Acquiring new bigquery connection 'list_dbt-core-439708_dbt_xie'
[0m19:38:26.299850 [debug] [ThreadPool]: Opening a new connection, currently in state init
[0m19:38:27.087886 [debug] [MainThread]: Sending event: {'category': 'dbt', 'action': 'runnable_timing', 'label': '02f66f40-afb1-4dba-a0db-273e47884f90', 'context': [<snowplow_tracker.self_describing_json.SelfDescribingJson object at 0x000001D060E28610>]}
[0m19:38:27.089357 [info ] [MainThread]: Concurrency: 1 threads (target='dev')
[0m19:38:27.090365 [info ] [MainThread]: 
[0m19:38:27.098398 [debug] [Thread-1  ]: Began running node model.jaffle_shop.my_first_dbt_model
[0m19:38:27.099406 [info ] [Thread-1  ]: 1 of 2 START sql table model dbt_xie.my_first_dbt_model ........................ [RUN]
[0m19:38:27.100445 [debug] [Thread-1  ]: Acquiring new bigquery connection 'model.jaffle_shop.my_first_dbt_model'
[0m19:38:27.101507 [debug] [Thread-1  ]: Began compiling node model.jaffle_shop.my_first_dbt_model
[0m19:38:27.111327 [debug] [Thread-1  ]: Writing injected SQL for node "model.jaffle_shop.my_first_dbt_model"
[0m19:38:27.114383 [debug] [Thread-1  ]: Began executing node model.jaffle_shop.my_first_dbt_model
[0m19:38:27.157862 [debug] [Thread-1  ]: Writing runtime sql for node "model.jaffle_shop.my_first_dbt_model"
[0m19:38:27.159864 [debug] [Thread-1  ]: Opening a new connection, currently in state init
[0m19:38:27.194717 [debug] [Thread-1  ]: On model.jaffle_shop.my_first_dbt_model: /* {"app": "dbt", "dbt_version": "1.8.8", "profile_name": "jaffle_shop", "target_name": "dev", "node_id": "model.jaffle_shop.my_first_dbt_model"} */

  
    

    create or replace table `dbt-core-439708`.`dbt_xie`.`my_first_dbt_model`
      
    
    

    OPTIONS()
    as (
      /*
    Welcome to your first dbt model!
    Did you know that you can also configure models directly within SQL files?
    This will override configurations stated in dbt_project.yml

    Try changing "table" to "view" below
*/



with source_data as (

    select 1 as id
    union all
    select null as id

)

select *
from source_data

/*
    Uncomment the line below to remove records with null `id` values
*/

-- where id is not null
    );
  
[0m19:38:28.129388 [debug] [Thread-1  ]: BigQuery adapter: https://console.cloud.google.com/bigquery?project=dbt-core-439708&j=bq:US:431c3048-548b-4d9f-a5b3-d6b09011a5c6&page=queryresults
[0m19:38:30.462469 [debug] [Thread-1  ]: Sending event: {'category': 'dbt', 'action': 'run_model', 'label': '02f66f40-afb1-4dba-a0db-273e47884f90', 'context': [<snowplow_tracker.self_describing_json.SelfDescribingJson object at 0x000001D071D2AAC0>]}
[0m19:38:30.462469 [info ] [Thread-1  ]: 1 of 2 OK created sql table model dbt_xie.my_first_dbt_model ................... [[32mCREATE TABLE (2.0 rows, 0 processed)[0m in 3.36s]
[0m19:38:30.462469 [debug] [Thread-1  ]: Finished running node model.jaffle_shop.my_first_dbt_model
[0m19:38:30.473980 [debug] [Thread-1  ]: Began running node model.jaffle_shop.my_second_dbt_model
[0m19:38:30.475158 [info ] [Thread-1  ]: 2 of 2 START sql view model dbt_xie.my_second_dbt_model ........................ [RUN]
[0m19:38:30.475698 [debug] [Thread-1  ]: Re-using an available connection from the pool (formerly model.jaffle_shop.my_first_dbt_model, now model.jaffle_shop.my_second_dbt_model)
[0m19:38:30.477160 [debug] [Thread-1  ]: Began compiling node model.jaffle_shop.my_second_dbt_model
[0m19:38:30.481437 [debug] [Thread-1  ]: Writing injected SQL for node "model.jaffle_shop.my_second_dbt_model"
[0m19:38:30.481437 [debug] [Thread-1  ]: Began executing node model.jaffle_shop.my_second_dbt_model
[0m19:38:30.505730 [debug] [Thread-1  ]: Writing runtime sql for node "model.jaffle_shop.my_second_dbt_model"
[0m19:38:30.507140 [debug] [Thread-1  ]: Opening a new connection, currently in state closed
[0m19:38:30.548479 [debug] [Thread-1  ]: On model.jaffle_shop.my_second_dbt_model: /* {"app": "dbt", "dbt_version": "1.8.8", "profile_name": "jaffle_shop", "target_name": "dev", "node_id": "model.jaffle_shop.my_second_dbt_model"} */


  create or replace view `dbt-core-439708`.`dbt_xie`.`my_second_dbt_model`
  OPTIONS()
  as -- Use the `ref` function to select from other models

select *
from `dbt-core-439708`.`dbt_xie`.`my_first_dbt_model`
where id = 1;


[0m19:38:31.473628 [debug] [Thread-1  ]: BigQuery adapter: https://console.cloud.google.com/bigquery?project=dbt-core-439708&j=bq:US:1251442d-545e-498d-915e-c7e3f637fd0f&page=queryresults
[0m19:38:32.058666 [debug] [Thread-1  ]: Sending event: {'category': 'dbt', 'action': 'run_model', 'label': '02f66f40-afb1-4dba-a0db-273e47884f90', 'context': [<snowplow_tracker.self_describing_json.SelfDescribingJson object at 0x000001D072944DF0>]}
[0m19:38:32.060661 [info ] [Thread-1  ]: 2 of 2 OK created sql view model dbt_xie.my_second_dbt_model ................... [[32mCREATE VIEW (0 processed)[0m in 1.58s]
[0m19:38:32.061700 [debug] [Thread-1  ]: Finished running node model.jaffle_shop.my_second_dbt_model
[0m19:38:32.063661 [debug] [MainThread]: Connection 'master' was properly closed.
[0m19:38:32.064170 [debug] [MainThread]: Connection 'create_dbt-core-439708_dbt_xie' was properly closed.
[0m19:38:32.065181 [debug] [MainThread]: Connection 'list_dbt-core-439708_dbt_xie' was properly closed.
[0m19:38:32.065181 [debug] [MainThread]: Connection 'model.jaffle_shop.my_second_dbt_model' was properly closed.
[0m19:38:32.066319 [info ] [MainThread]: 
[0m19:38:32.066827 [info ] [MainThread]: Finished running 1 table model, 1 view model in 0 hours 0 minutes and 8.55 seconds (8.55s).
[0m19:38:32.069178 [debug] [MainThread]: Command end result
[0m19:38:32.113193 [info ] [MainThread]: 
[0m19:38:32.114222 [info ] [MainThread]: [32mCompleted successfully[0m
[0m19:38:32.115388 [info ] [MainThread]: 
[0m19:38:32.116934 [info ] [MainThread]: Done. PASS=2 WARN=0 ERROR=0 SKIP=0 TOTAL=2
[0m19:38:32.118942 [debug] [MainThread]: Command `dbt run` succeeded at 19:38:32.118942 after 10.75 seconds
[0m19:38:32.119941 [debug] [MainThread]: Sending event: {'category': 'dbt', 'action': 'invocation', 'label': 'end', 'context': [<snowplow_tracker.self_describing_json.SelfDescribingJson object at 0x000001D05E4F4670>, <snowplow_tracker.self_describing_json.SelfDescribingJson object at 0x000001D0724A3790>, <snowplow_tracker.self_describing_json.SelfDescribingJson object at 0x000001D060F62520>]}
[0m19:38:32.120945 [debug] [MainThread]: Flushing usage events
[0m19:40:37.691170 [debug] [MainThread]: Sending event: {'category': 'dbt', 'action': 'invocation', 'label': 'start', 'context': [<snowplow_tracker.self_describing_json.SelfDescribingJson object at 0x00000174F6F80A00>, <snowplow_tracker.self_describing_json.SelfDescribingJson object at 0x00000174F9A30520>, <snowplow_tracker.self_describing_json.SelfDescribingJson object at 0x00000174F9A30370>]}


============================== 19:40:37.696175 | 4480a8af-160c-4127-8904-992a02b629cf ==============================
[0m19:40:37.696175 [info ] [MainThread]: Running with dbt=1.8.8
[0m19:40:37.696175 [debug] [MainThread]: running dbt with arguments {'printer_width': '80', 'indirect_selection': 'eager', 'log_cache_events': 'False', 'write_json': 'True', 'partial_parse': 'True', 'cache_selected_only': 'False', 'warn_error': 'None', 'debug': 'False', 'fail_fast': 'False', 'log_path': 'c:\\Users\\nxie\\dbt\\logs', 'version_check': 'True', 'profiles_dir': 'C:\\Users\\nxie\\.dbt', 'use_colors': 'True', 'use_experimental_parser': 'False', 'empty': 'None', 'quiet': 'False', 'no_print': 'None', 'log_format': 'default', 'introspect': 'True', 'warn_error_options': 'WarnErrorOptions(include=[], exclude=[])', 'static_parser': 'True', 'target_path': 'None', 'invocation_command': 'dbt ', 'send_anonymous_usage_stats': 'True'}
[0m19:40:37.867314 [debug] [MainThread]: Sending event: {'category': 'dbt', 'action': 'project_id', 'label': '4480a8af-160c-4127-8904-992a02b629cf', 'context': [<snowplow_tracker.self_describing_json.SelfDescribingJson object at 0x00000174F9A305B0>]}
[0m19:40:37.885733 [info ] [MainThread]: Warning: No packages were found in packages.yml
[0m19:40:37.886738 [info ] [MainThread]: Warning: No packages were found in packages.yml
[0m19:40:37.888066 [debug] [MainThread]: Command `cli deps` succeeded at 19:40:37.888066 after 0.33 seconds
[0m19:40:37.889565 [debug] [MainThread]: Sending event: {'category': 'dbt', 'action': 'invocation', 'label': 'end', 'context': [<snowplow_tracker.self_describing_json.SelfDescribingJson object at 0x00000174F6F80A00>, <snowplow_tracker.self_describing_json.SelfDescribingJson object at 0x00000174F9A305B0>, <snowplow_tracker.self_describing_json.SelfDescribingJson object at 0x00000174F9A303A0>]}
[0m19:40:37.889565 [debug] [MainThread]: Flushing usage events
[0m19:41:03.078848 [debug] [MainThread]: Sending event: {'category': 'dbt', 'action': 'invocation', 'label': 'start', 'context': [<snowplow_tracker.self_describing_json.SelfDescribingJson object at 0x000001F4FAC90A00>, <snowplow_tracker.self_describing_json.SelfDescribingJson object at 0x000001F4FD741520>, <snowplow_tracker.self_describing_json.SelfDescribingJson object at 0x000001F4FD741370>]}


============================== 19:41:03.083163 | eace285e-869a-4fe6-8e33-c046d061eea1 ==============================
[0m19:41:03.083163 [info ] [MainThread]: Running with dbt=1.8.8
[0m19:41:03.083163 [debug] [MainThread]: running dbt with arguments {'printer_width': '80', 'indirect_selection': 'eager', 'log_cache_events': 'False', 'write_json': 'True', 'partial_parse': 'True', 'cache_selected_only': 'False', 'warn_error': 'None', 'debug': 'False', 'fail_fast': 'False', 'log_path': 'c:\\Users\\nxie\\dbt\\logs', 'profiles_dir': 'C:\\Users\\nxie\\.dbt', 'version_check': 'True', 'use_colors': 'True', 'use_experimental_parser': 'False', 'empty': 'None', 'quiet': 'False', 'no_print': 'None', 'log_format': 'default', 'invocation_command': 'dbt ', 'warn_error_options': 'WarnErrorOptions(include=[], exclude=[])', 'static_parser': 'True', 'target_path': 'None', 'introspect': 'True', 'send_anonymous_usage_stats': 'True'}
[0m19:41:03.099762 [info ] [MainThread]: dbt version: 1.8.8
[0m19:41:03.099762 [info ] [MainThread]: python version: 3.9.13
[0m19:41:03.100721 [info ] [MainThread]: python path: C:\Program Files\Python39\python.exe
[0m19:41:03.101724 [info ] [MainThread]: os info: Windows-10-10.0.22621-SP0
[0m19:41:04.016419 [info ] [MainThread]: Using profiles dir at C:\Users\nxie\.dbt
[0m19:41:04.016419 [info ] [MainThread]: Using profiles.yml file at C:\Users\nxie\.dbt\profiles.yml
[0m19:41:04.017380 [info ] [MainThread]: Using dbt_project.yml file at c:\Users\nxie\dbt\dbt_project.yml
[0m19:41:04.017380 [info ] [MainThread]: adapter type: bigquery
[0m19:41:04.018672 [info ] [MainThread]: adapter version: 1.8.3
[0m19:41:04.116882 [info ] [MainThread]: Configuration:
[0m19:41:04.117892 [info ] [MainThread]:   profiles.yml file [[32mOK found and valid[0m]
[0m19:41:04.118891 [info ] [MainThread]:   dbt_project.yml file [[32mOK found and valid[0m]
[0m19:41:04.119932 [info ] [MainThread]: Required dependencies:
[0m19:41:04.119932 [debug] [MainThread]: Executing "git --help"
[0m19:41:04.199946 [debug] [MainThread]: STDOUT: "b"usage: git [-v | --version] [-h | --help] [-C <path>] [-c <name>=<value>]\n           [--exec-path[=<path>]] [--html-path] [--man-path] [--info-path]\n           [-p | --paginate | -P | --no-pager] [--no-replace-objects] [--no-lazy-fetch]\n           [--no-optional-locks] [--no-advice] [--bare] [--git-dir=<path>]\n           [--work-tree=<path>] [--namespace=<name>] [--config-env=<name>=<envvar>]\n           <command> [<args>]\n\nThese are common Git commands used in various situations:\n\nstart a working area (see also: git help tutorial)\n   clone      Clone a repository into a new directory\n   init       Create an empty Git repository or reinitialize an existing one\n\nwork on the current change (see also: git help everyday)\n   add        Add file contents to the index\n   mv         Move or rename a file, a directory, or a symlink\n   restore    Restore working tree files\n   rm         Remove files from the working tree and from the index\n\nexamine the history and state (see also: git help revisions)\n   bisect     Use binary search to find the commit that introduced a bug\n   diff       Show changes between commits, commit and working tree, etc\n   grep       Print lines matching a pattern\n   log        Show commit logs\n   show       Show various types of objects\n   status     Show the working tree status\n\ngrow, mark and tweak your common history\n   backfill   Download missing objects in a partial clone\n   branch     List, create, or delete branches\n   commit     Record changes to the repository\n   merge      Join two or more development histories together\n   rebase     Reapply commits on top of another base tip\n   reset      Reset current HEAD to the specified state\n   switch     Switch branches\n   tag        Create, list, delete or verify a tag object signed with GPG\n\ncollaborate (see also: git help workflows)\n   fetch      Download objects and refs from another repository\n   pull       Fetch from and integrate with another repository or a local branch\n   push       Update remote refs along with associated objects\n\n'git help -a' and 'git help -g' list available subcommands and some\nconcept guides. See 'git help <command>' or 'git help <concept>'\nto read about a specific subcommand or concept.\nSee 'git help git' for an overview of the system.\n""
[0m19:41:04.200994 [debug] [MainThread]: STDERR: "b''"
[0m19:41:04.201966 [info ] [MainThread]:  - git [[32mOK found[0m]

[0m19:41:04.201966 [info ] [MainThread]: Connection:
[0m19:41:04.202954 [info ] [MainThread]:   method: service-account
[0m19:41:04.204063 [info ] [MainThread]:   database: dbt-core-439708
[0m19:41:04.205075 [info ] [MainThread]:   execution_project: dbt-core-439708
[0m19:41:04.205075 [info ] [MainThread]:   schema: dbt_xie
[0m19:41:04.206178 [info ] [MainThread]:   location: US
[0m19:41:04.207188 [info ] [MainThread]:   priority: interactive
[0m19:41:04.207188 [info ] [MainThread]:   maximum_bytes_billed: None
[0m19:41:04.208196 [info ] [MainThread]:   impersonate_service_account: None
[0m19:41:04.209195 [info ] [MainThread]:   job_retry_deadline_seconds: None
[0m19:41:04.210196 [info ] [MainThread]:   job_retries: 1
[0m19:41:04.210196 [info ] [MainThread]:   job_creation_timeout_seconds: None
[0m19:41:04.211196 [info ] [MainThread]:   job_execution_timeout_seconds: 300
[0m19:41:04.211196 [info ] [MainThread]:   timeout_seconds: 300
[0m19:41:04.212255 [info ] [MainThread]:   client_id: None
[0m19:41:04.212255 [info ] [MainThread]:   token_uri: None
[0m19:41:04.214656 [info ] [MainThread]:   dataproc_region: None
[0m19:41:04.215669 [info ] [MainThread]:   dataproc_cluster_name: None
[0m19:41:04.216666 [info ] [MainThread]:   gcs_bucket: None
[0m19:41:04.217665 [info ] [MainThread]:   dataproc_batch: None
[0m19:41:04.218666 [info ] [MainThread]: Registered adapter: bigquery=1.8.3
[0m19:41:04.219667 [debug] [MainThread]: Acquiring new bigquery connection 'debug'
[0m19:41:04.220670 [debug] [MainThread]: Opening a new connection, currently in state init
[0m19:41:04.265380 [debug] [MainThread]: On debug: select 1 as id
[0m19:41:05.137363 [debug] [MainThread]: BigQuery adapter: https://console.cloud.google.com/bigquery?project=dbt-core-439708&j=bq:US:7ad8fe18-1e05-44a4-8880-4f810ca1e7af&page=queryresults
[0m19:41:06.015088 [info ] [MainThread]:   Connection test: [[32mOK connection ok[0m]

[0m19:41:06.018035 [info ] [MainThread]: [32mAll checks passed![0m
[0m19:41:06.023158 [debug] [MainThread]: Command `cli debug` succeeded at 19:41:06.023158 after 3.05 seconds
[0m19:41:06.025953 [debug] [MainThread]: Connection 'debug' was properly closed.
[0m19:41:06.028010 [debug] [MainThread]: Sending event: {'category': 'dbt', 'action': 'invocation', 'label': 'end', 'context': [<snowplow_tracker.self_describing_json.SelfDescribingJson object at 0x000001F4FAC90A00>, <snowplow_tracker.self_describing_json.SelfDescribingJson object at 0x000001F4FB5D4C40>, <snowplow_tracker.self_describing_json.SelfDescribingJson object at 0x000001F48E5CE460>]}
[0m19:41:06.030963 [debug] [MainThread]: Flushing usage events
[0m19:41:53.453406 [debug] [MainThread]: Sending event: {'category': 'dbt', 'action': 'invocation', 'label': 'start', 'context': [<snowplow_tracker.self_describing_json.SelfDescribingJson object at 0x000002071B1646D0>, <snowplow_tracker.self_describing_json.SelfDescribingJson object at 0x000002071DC14610>, <snowplow_tracker.self_describing_json.SelfDescribingJson object at 0x000002071DC14460>]}


============================== 19:41:53.456414 | ee798cff-117c-4cc5-85c8-92416888c4df ==============================
[0m19:41:53.456414 [info ] [MainThread]: Running with dbt=1.8.8
[0m19:41:53.457415 [debug] [MainThread]: running dbt with arguments {'printer_width': '80', 'indirect_selection': 'eager', 'log_cache_events': 'False', 'write_json': 'True', 'partial_parse': 'True', 'cache_selected_only': 'False', 'profiles_dir': 'C:\\Users\\nxie\\.dbt', 'fail_fast': 'False', 'version_check': 'True', 'log_path': 'C:\\Users\\nxie\\dbt\\logs', 'debug': 'False', 'warn_error': 'None', 'use_colors': 'True', 'use_experimental_parser': 'False', 'empty': 'False', 'quiet': 'False', 'no_print': 'None', 'log_format': 'default', 'introspect': 'True', 'invocation_command': 'dbt run', 'static_parser': 'True', 'target_path': 'None', 'warn_error_options': 'WarnErrorOptions(include=[], exclude=[])', 'send_anonymous_usage_stats': 'True'}
[0m19:41:54.491383 [debug] [MainThread]: Sending event: {'category': 'dbt', 'action': 'project_id', 'label': 'ee798cff-117c-4cc5-85c8-92416888c4df', 'context': [<snowplow_tracker.self_describing_json.SelfDescribingJson object at 0x000002072F117520>]}
[0m19:41:54.544745 [debug] [MainThread]: Sending event: {'category': 'dbt', 'action': 'adapter_info', 'label': 'ee798cff-117c-4cc5-85c8-92416888c4df', 'context': [<snowplow_tracker.self_describing_json.SelfDescribingJson object at 0x000002071DB839A0>]}
[0m19:41:54.545706 [info ] [MainThread]: Registered adapter: bigquery=1.8.3
[0m19:41:54.554570 [debug] [MainThread]: checksum: ec53e341a936509427e16df1c646386a84befec52c1957e3f4359fbc36fc93f5, vars: {}, profile: , target: , version: 1.8.8
[0m19:41:54.813674 [debug] [MainThread]: Partial parsing enabled: 0 files deleted, 0 files added, 0 files changed.
[0m19:41:54.813674 [debug] [MainThread]: Partial parsing enabled, no changes found, skipping parsing
[0m19:41:54.860769 [debug] [MainThread]: Sending event: {'category': 'dbt', 'action': 'load_project', 'label': 'ee798cff-117c-4cc5-85c8-92416888c4df', 'context': [<snowplow_tracker.self_describing_json.SelfDescribingJson object at 0x000002072F418130>]}
[0m19:41:54.977016 [debug] [MainThread]: Sending event: {'category': 'dbt', 'action': 'resource_counts', 'label': 'ee798cff-117c-4cc5-85c8-92416888c4df', 'context': [<snowplow_tracker.self_describing_json.SelfDescribingJson object at 0x000002072F43D190>]}
[0m19:41:54.977524 [info ] [MainThread]: Found 2 models, 4 data tests, 479 macros
[0m19:41:54.978530 [debug] [MainThread]: Sending event: {'category': 'dbt', 'action': 'runnable_timing', 'label': 'ee798cff-117c-4cc5-85c8-92416888c4df', 'context': [<snowplow_tracker.self_describing_json.SelfDescribingJson object at 0x000002072F409850>]}
[0m19:41:54.980173 [info ] [MainThread]: 
[0m19:41:54.981223 [debug] [MainThread]: Acquiring new bigquery connection 'master'
[0m19:41:54.987178 [debug] [ThreadPool]: Acquiring new bigquery connection 'list_dbt-core-439708'
[0m19:41:54.988178 [debug] [ThreadPool]: Opening a new connection, currently in state init
[0m19:41:55.881961 [debug] [ThreadPool]: Acquiring new bigquery connection 'list_dbt-core-439708_dbt_xie'
[0m19:41:55.883898 [debug] [ThreadPool]: Opening a new connection, currently in state init
[0m19:41:56.668721 [debug] [MainThread]: Sending event: {'category': 'dbt', 'action': 'runnable_timing', 'label': 'ee798cff-117c-4cc5-85c8-92416888c4df', 'context': [<snowplow_tracker.self_describing_json.SelfDescribingJson object at 0x000002072F42D5B0>]}
[0m19:41:56.671818 [info ] [MainThread]: Concurrency: 1 threads (target='dev')
[0m19:41:56.674821 [info ] [MainThread]: 
[0m19:41:56.689744 [debug] [Thread-1  ]: Began running node model.jaffle_shop.my_first_dbt_model
[0m19:41:56.693510 [info ] [Thread-1  ]: 1 of 2 START sql table model dbt_xie.my_first_dbt_model ........................ [RUN]
[0m19:41:56.696231 [debug] [Thread-1  ]: Acquiring new bigquery connection 'model.jaffle_shop.my_first_dbt_model'
[0m19:41:56.698247 [debug] [Thread-1  ]: Began compiling node model.jaffle_shop.my_first_dbt_model
[0m19:41:56.724476 [debug] [Thread-1  ]: Writing injected SQL for node "model.jaffle_shop.my_first_dbt_model"
[0m19:41:56.727007 [debug] [Thread-1  ]: Began executing node model.jaffle_shop.my_first_dbt_model
[0m19:41:56.747002 [debug] [Thread-1  ]: Opening a new connection, currently in state init
[0m19:41:57.554900 [debug] [Thread-1  ]: Writing runtime sql for node "model.jaffle_shop.my_first_dbt_model"
[0m19:41:57.555900 [debug] [Thread-1  ]: On model.jaffle_shop.my_first_dbt_model: /* {"app": "dbt", "dbt_version": "1.8.8", "profile_name": "jaffle_shop", "target_name": "dev", "node_id": "model.jaffle_shop.my_first_dbt_model"} */

  
    

    create or replace table `dbt-core-439708`.`dbt_xie`.`my_first_dbt_model`
      
    
    

    OPTIONS()
    as (
      /*
    Welcome to your first dbt model!
    Did you know that you can also configure models directly within SQL files?
    This will override configurations stated in dbt_project.yml

    Try changing "table" to "view" below
*/



with source_data as (

    select 1 as id
    union all
    select null as id

)

select *
from source_data

/*
    Uncomment the line below to remove records with null `id` values
*/

-- where id is not null
    );
  
[0m19:41:58.076285 [debug] [Thread-1  ]: BigQuery adapter: https://console.cloud.google.com/bigquery?project=dbt-core-439708&j=bq:US:ea1237e5-015d-4c63-b6e9-e2a4fbf65385&page=queryresults
[0m19:42:00.675049 [debug] [Thread-1  ]: Sending event: {'category': 'dbt', 'action': 'run_model', 'label': 'ee798cff-117c-4cc5-85c8-92416888c4df', 'context': [<snowplow_tracker.self_describing_json.SelfDescribingJson object at 0x000002072F512520>]}
[0m19:42:00.677040 [info ] [Thread-1  ]: 1 of 2 OK created sql table model dbt_xie.my_first_dbt_model ................... [[32mCREATE TABLE (2.0 rows, 0 processed)[0m in 3.98s]
[0m19:42:00.678170 [debug] [Thread-1  ]: Finished running node model.jaffle_shop.my_first_dbt_model
[0m19:42:00.680179 [debug] [Thread-1  ]: Began running node model.jaffle_shop.my_second_dbt_model
[0m19:42:00.682180 [info ] [Thread-1  ]: 2 of 2 START sql view model dbt_xie.my_second_dbt_model ........................ [RUN]
[0m19:42:00.684180 [debug] [Thread-1  ]: Re-using an available connection from the pool (formerly model.jaffle_shop.my_first_dbt_model, now model.jaffle_shop.my_second_dbt_model)
[0m19:42:00.686187 [debug] [Thread-1  ]: Began compiling node model.jaffle_shop.my_second_dbt_model
[0m19:42:00.695246 [debug] [Thread-1  ]: Writing injected SQL for node "model.jaffle_shop.my_second_dbt_model"
[0m19:42:00.697282 [debug] [Thread-1  ]: Began executing node model.jaffle_shop.my_second_dbt_model
[0m19:42:00.804477 [debug] [Thread-1  ]: Writing runtime sql for node "model.jaffle_shop.my_second_dbt_model"
[0m19:42:00.808463 [debug] [Thread-1  ]: Opening a new connection, currently in state closed
[0m19:42:00.896246 [debug] [Thread-1  ]: On model.jaffle_shop.my_second_dbt_model: /* {"app": "dbt", "dbt_version": "1.8.8", "profile_name": "jaffle_shop", "target_name": "dev", "node_id": "model.jaffle_shop.my_second_dbt_model"} */


  create or replace view `dbt-core-439708`.`dbt_xie`.`my_second_dbt_model`
  OPTIONS()
  as -- Use the `ref` function to select from other models

select *
from `dbt-core-439708`.`dbt_xie`.`my_first_dbt_model`
where id = 1;


[0m19:42:01.812175 [debug] [Thread-1  ]: BigQuery adapter: https://console.cloud.google.com/bigquery?project=dbt-core-439708&j=bq:US:0c09613e-dcf6-4f13-a059-65937c093fd3&page=queryresults
[0m19:42:02.421939 [debug] [Thread-1  ]: Sending event: {'category': 'dbt', 'action': 'run_model', 'label': 'ee798cff-117c-4cc5-85c8-92416888c4df', 'context': [<snowplow_tracker.self_describing_json.SelfDescribingJson object at 0x000002072F5120D0>]}
[0m19:42:02.422939 [info ] [Thread-1  ]: 2 of 2 OK created sql view model dbt_xie.my_second_dbt_model ................... [[32mCREATE VIEW (0 processed)[0m in 1.74s]
[0m19:42:02.425032 [debug] [Thread-1  ]: Finished running node model.jaffle_shop.my_second_dbt_model
[0m19:42:02.427097 [debug] [MainThread]: Connection 'master' was properly closed.
[0m19:42:02.427097 [debug] [MainThread]: Connection 'list_dbt-core-439708' was properly closed.
[0m19:42:02.428085 [debug] [MainThread]: Connection 'list_dbt-core-439708_dbt_xie' was properly closed.
[0m19:42:02.428085 [debug] [MainThread]: Connection 'model.jaffle_shop.my_second_dbt_model' was properly closed.
[0m19:42:02.428085 [info ] [MainThread]: 
[0m19:42:02.429548 [info ] [MainThread]: Finished running 1 table model, 1 view model in 0 hours 0 minutes and 7.45 seconds (7.45s).
[0m19:42:02.430555 [debug] [MainThread]: Command end result
[0m19:42:02.473713 [info ] [MainThread]: 
[0m19:42:02.475052 [info ] [MainThread]: [32mCompleted successfully[0m
[0m19:42:02.476063 [info ] [MainThread]: 
[0m19:42:02.477068 [info ] [MainThread]: Done. PASS=2 WARN=0 ERROR=0 SKIP=0 TOTAL=2
[0m19:42:02.479076 [debug] [MainThread]: Command `dbt run` succeeded at 19:42:02.479076 after 9.14 seconds
[0m19:42:02.479076 [debug] [MainThread]: Sending event: {'category': 'dbt', 'action': 'invocation', 'label': 'end', 'context': [<snowplow_tracker.self_describing_json.SelfDescribingJson object at 0x000002071B1646D0>, <snowplow_tracker.self_describing_json.SelfDescribingJson object at 0x000002072F0B1160>, <snowplow_tracker.self_describing_json.SelfDescribingJson object at 0x000002071D74FEB0>]}
[0m19:42:02.480061 [debug] [MainThread]: Flushing usage events
[0m19:57:12.174112 [debug] [MainThread]: Sending event: {'category': 'dbt', 'action': 'invocation', 'label': 'start', 'context': [<snowplow_tracker.self_describing_json.SelfDescribingJson object at 0x00000275E83346D0>, <snowplow_tracker.self_describing_json.SelfDescribingJson object at 0x00000275EADE4610>, <snowplow_tracker.self_describing_json.SelfDescribingJson object at 0x00000275EADE4460>]}


============================== 19:57:12.174112 | eccd59fe-bb96-4f40-b40a-8dcb2c274543 ==============================
[0m19:57:12.174112 [info ] [MainThread]: Running with dbt=1.8.8
[0m19:57:12.174112 [debug] [MainThread]: running dbt with arguments {'printer_width': '80', 'indirect_selection': 'eager', 'write_json': 'True', 'log_cache_events': 'False', 'partial_parse': 'True', 'cache_selected_only': 'False', 'warn_error': 'None', 'fail_fast': 'False', 'debug': 'False', 'log_path': 'C:\\Users\\nxie\\dbt\\logs', 'version_check': 'True', 'profiles_dir': 'C:\\Users\\nxie\\.dbt', 'use_colors': 'True', 'use_experimental_parser': 'False', 'empty': 'False', 'quiet': 'False', 'no_print': 'None', 'warn_error_options': 'WarnErrorOptions(include=[], exclude=[])', 'invocation_command': 'dbt run', 'log_format': 'default', 'static_parser': 'True', 'target_path': 'None', 'introspect': 'True', 'send_anonymous_usage_stats': 'True'}
[0m19:57:13.336280 [debug] [MainThread]: Sending event: {'category': 'dbt', 'action': 'project_id', 'label': 'eccd59fe-bb96-4f40-b40a-8dcb2c274543', 'context': [<snowplow_tracker.self_describing_json.SelfDescribingJson object at 0x00000275FC2F7520>]}
[0m19:57:13.405057 [debug] [MainThread]: Sending event: {'category': 'dbt', 'action': 'adapter_info', 'label': 'eccd59fe-bb96-4f40-b40a-8dcb2c274543', 'context': [<snowplow_tracker.self_describing_json.SelfDescribingJson object at 0x00000275EAD539A0>]}
[0m19:57:13.415064 [info ] [MainThread]: Registered adapter: bigquery=1.8.3
[0m19:57:13.417986 [debug] [MainThread]: checksum: ec53e341a936509427e16df1c646386a84befec52c1957e3f4359fbc36fc93f5, vars: {}, profile: , target: , version: 1.8.8
[0m19:57:13.679219 [debug] [MainThread]: Partial parsing enabled: 0 files deleted, 0 files added, 0 files changed.
[0m19:57:13.679219 [debug] [MainThread]: Partial parsing enabled, no changes found, skipping parsing
[0m19:57:13.740981 [debug] [MainThread]: Sending event: {'category': 'dbt', 'action': 'load_project', 'label': 'eccd59fe-bb96-4f40-b40a-8dcb2c274543', 'context': [<snowplow_tracker.self_describing_json.SelfDescribingJson object at 0x00000275FC5F8130>]}
[0m19:57:13.862902 [debug] [MainThread]: Sending event: {'category': 'dbt', 'action': 'resource_counts', 'label': 'eccd59fe-bb96-4f40-b40a-8dcb2c274543', 'context': [<snowplow_tracker.self_describing_json.SelfDescribingJson object at 0x00000275FC61D2E0>]}
[0m19:57:13.862902 [info ] [MainThread]: Found 2 models, 4 data tests, 479 macros
[0m19:57:13.862902 [debug] [MainThread]: Sending event: {'category': 'dbt', 'action': 'runnable_timing', 'label': 'eccd59fe-bb96-4f40-b40a-8dcb2c274543', 'context': [<snowplow_tracker.self_describing_json.SelfDescribingJson object at 0x00000275FC5E9310>]}
[0m19:57:13.866912 [info ] [MainThread]: 
[0m19:57:13.866912 [debug] [MainThread]: Acquiring new bigquery connection 'master'
[0m19:57:13.906697 [debug] [ThreadPool]: Acquiring new bigquery connection 'list_dbt-core-439708'
[0m19:57:13.907699 [debug] [ThreadPool]: Opening a new connection, currently in state init
[0m19:57:14.864999 [debug] [ThreadPool]: Acquiring new bigquery connection 'list_dbt-core-439708_dbt_xie'
[0m19:57:14.864999 [debug] [ThreadPool]: Opening a new connection, currently in state init
[0m19:57:15.649382 [debug] [MainThread]: Sending event: {'category': 'dbt', 'action': 'runnable_timing', 'label': 'eccd59fe-bb96-4f40-b40a-8dcb2c274543', 'context': [<snowplow_tracker.self_describing_json.SelfDescribingJson object at 0x00000275FC60E5B0>]}
[0m19:57:15.662925 [info ] [MainThread]: Concurrency: 1 threads (target='dev')
[0m19:57:15.667191 [info ] [MainThread]: 
[0m19:57:15.681629 [debug] [Thread-1  ]: Began running node model.jaffle_shop.my_first_dbt_model
[0m19:57:15.686100 [info ] [Thread-1  ]: 1 of 2 START sql table model dbt_xie.my_first_dbt_model ........................ [RUN]
[0m19:57:15.691326 [debug] [Thread-1  ]: Acquiring new bigquery connection 'model.jaffle_shop.my_first_dbt_model'
[0m19:57:15.693181 [debug] [Thread-1  ]: Began compiling node model.jaffle_shop.my_first_dbt_model
[0m19:57:15.713628 [debug] [Thread-1  ]: Writing injected SQL for node "model.jaffle_shop.my_first_dbt_model"
[0m19:57:15.713628 [debug] [Thread-1  ]: Began executing node model.jaffle_shop.my_first_dbt_model
[0m19:57:15.737870 [debug] [Thread-1  ]: Opening a new connection, currently in state init
[0m19:57:16.511972 [debug] [Thread-1  ]: Writing runtime sql for node "model.jaffle_shop.my_first_dbt_model"
[0m19:57:16.511972 [debug] [Thread-1  ]: On model.jaffle_shop.my_first_dbt_model: /* {"app": "dbt", "dbt_version": "1.8.8", "profile_name": "jaffle_shop", "target_name": "dev", "node_id": "model.jaffle_shop.my_first_dbt_model"} */

  
    

    create or replace table `dbt-core-439708`.`dbt_xie`.`my_first_dbt_model`
      
    
    

    OPTIONS()
    as (
      /*
    Welcome to your first dbt model!
    Did you know that you can also configure models directly within SQL files?
    This will override configurations stated in dbt_project.yml

    Try changing "table" to "view" below
*/



with source_data as (

    select 1 as id
    union all
    select null as id

)

select *
from source_data

/*
    Uncomment the line below to remove records with null `id` values
*/

-- where id is not null
    );
  
[0m19:57:16.943940 [debug] [Thread-1  ]: BigQuery adapter: https://console.cloud.google.com/bigquery?project=dbt-core-439708&j=bq:US:e4a9ae72-be4f-4339-88ad-4bec1b289c59&page=queryresults
[0m19:57:19.450755 [debug] [Thread-1  ]: Sending event: {'category': 'dbt', 'action': 'run_model', 'label': 'eccd59fe-bb96-4f40-b40a-8dcb2c274543', 'context': [<snowplow_tracker.self_describing_json.SelfDescribingJson object at 0x00000275FC6F2520>]}
[0m19:57:19.450755 [info ] [Thread-1  ]: 1 of 2 OK created sql table model dbt_xie.my_first_dbt_model ................... [[32mCREATE TABLE (2.0 rows, 0 processed)[0m in 3.76s]
[0m19:57:19.464843 [debug] [Thread-1  ]: Finished running node model.jaffle_shop.my_first_dbt_model
[0m19:57:19.464843 [debug] [Thread-1  ]: Began running node model.jaffle_shop.my_second_dbt_model
[0m19:57:19.466821 [info ] [Thread-1  ]: 2 of 2 START sql view model dbt_xie.my_second_dbt_model ........................ [RUN]
[0m19:57:19.466821 [debug] [Thread-1  ]: Re-using an available connection from the pool (formerly model.jaffle_shop.my_first_dbt_model, now model.jaffle_shop.my_second_dbt_model)
[0m19:57:19.466821 [debug] [Thread-1  ]: Began compiling node model.jaffle_shop.my_second_dbt_model
[0m19:57:19.469066 [debug] [Thread-1  ]: Writing injected SQL for node "model.jaffle_shop.my_second_dbt_model"
[0m19:57:19.469066 [debug] [Thread-1  ]: Began executing node model.jaffle_shop.my_second_dbt_model
[0m19:57:19.493866 [debug] [Thread-1  ]: Writing runtime sql for node "model.jaffle_shop.my_second_dbt_model"
[0m19:57:19.493866 [debug] [Thread-1  ]: Opening a new connection, currently in state closed
[0m19:57:19.515306 [debug] [Thread-1  ]: On model.jaffle_shop.my_second_dbt_model: /* {"app": "dbt", "dbt_version": "1.8.8", "profile_name": "jaffle_shop", "target_name": "dev", "node_id": "model.jaffle_shop.my_second_dbt_model"} */


  create or replace view `dbt-core-439708`.`dbt_xie`.`my_second_dbt_model`
  OPTIONS()
  as -- Use the `ref` function to select from other models

select *
from `dbt-core-439708`.`dbt_xie`.`my_first_dbt_model`
where id = 1;


[0m19:57:20.519814 [debug] [Thread-1  ]: BigQuery adapter: https://console.cloud.google.com/bigquery?project=dbt-core-439708&j=bq:US:91c1997b-0587-42ea-9f89-730a2cc07890&page=queryresults
[0m19:57:21.118161 [debug] [Thread-1  ]: Sending event: {'category': 'dbt', 'action': 'run_model', 'label': 'eccd59fe-bb96-4f40-b40a-8dcb2c274543', 'context': [<snowplow_tracker.self_describing_json.SelfDescribingJson object at 0x00000275FC6F20D0>]}
[0m19:57:21.130678 [info ] [Thread-1  ]: 2 of 2 OK created sql view model dbt_xie.my_second_dbt_model ................... [[32mCREATE VIEW (0 processed)[0m in 1.65s]
[0m19:57:21.130678 [debug] [Thread-1  ]: Finished running node model.jaffle_shop.my_second_dbt_model
[0m19:57:21.134380 [debug] [MainThread]: Connection 'master' was properly closed.
[0m19:57:21.136309 [debug] [MainThread]: Connection 'list_dbt-core-439708' was properly closed.
[0m19:57:21.136849 [debug] [MainThread]: Connection 'list_dbt-core-439708_dbt_xie' was properly closed.
[0m19:57:21.136849 [debug] [MainThread]: Connection 'model.jaffle_shop.my_second_dbt_model' was properly closed.
[0m19:57:21.136849 [info ] [MainThread]: 
[0m19:57:21.136849 [info ] [MainThread]: Finished running 1 table model, 1 view model in 0 hours 0 minutes and 7.27 seconds (7.27s).
[0m19:57:21.142595 [debug] [MainThread]: Command end result
[0m19:57:21.184261 [info ] [MainThread]: 
[0m19:57:21.184261 [info ] [MainThread]: [32mCompleted successfully[0m
[0m19:57:21.184261 [info ] [MainThread]: 
[0m19:57:21.184261 [info ] [MainThread]: Done. PASS=2 WARN=0 ERROR=0 SKIP=0 TOTAL=2
[0m19:57:21.184261 [debug] [MainThread]: Command `dbt run` succeeded at 19:57:21.184261 after 9.14 seconds
[0m19:57:21.184261 [debug] [MainThread]: Sending event: {'category': 'dbt', 'action': 'invocation', 'label': 'end', 'context': [<snowplow_tracker.self_describing_json.SelfDescribingJson object at 0x00000275E83346D0>, <snowplow_tracker.self_describing_json.SelfDescribingJson object at 0x00000275EA920EB0>, <snowplow_tracker.self_describing_json.SelfDescribingJson object at 0x00000275FC41B520>]}
[0m19:57:21.184261 [debug] [MainThread]: Flushing usage events
